0 info it worked if it ends with ok
1 verbose cli [ '/usr/bin/nodejs', '/usr/bin/npm', 'install', 'child_process' ]
2 info using npm@1.4.21
3 info using node@v0.10.25
4 warn package.json intermediate@0.0.0 No description
5 warn package.json intermediate@0.0.0 No repository field.
6 warn package.json intermediate@0.0.0 No README data
7 verbose readDependencies using package.json deps
8 verbose cache add [ 'child_process', null ]
9 verbose cache add name=undefined spec="child_process" args=["child_process",null]
10 verbose parsed url { protocol: null,
10 verbose parsed url   slashes: null,
10 verbose parsed url   auth: null,
10 verbose parsed url   host: null,
10 verbose parsed url   port: null,
10 verbose parsed url   hostname: null,
10 verbose parsed url   hash: null,
10 verbose parsed url   search: null,
10 verbose parsed url   query: null,
10 verbose parsed url   pathname: 'child_process',
10 verbose parsed url   path: 'child_process',
10 verbose parsed url   href: 'child_process' }
11 silly lockFile 4845fa97-child-process child_process
12 verbose lock child_process /root/.npm/4845fa97-child-process.lock
13 silly lockFile 4845fa97-child-process child_process
14 silly lockFile 4845fa97-child-process child_process
15 verbose addNamed [ 'child_process', '' ]
16 verbose addNamed [ null, '*' ]
17 silly lockFile 512a7ef6-child-process child_process@
18 verbose lock child_process@ /root/.npm/512a7ef6-child-process.lock
19 silly addNameRange { name: 'child_process', range: '*', hasData: false }
20 verbose request where is /child_process
21 verbose request registry https://registry.npmjs.org/
22 verbose request id d8fc9d856925994e
23 verbose url raw /child_process
24 verbose url resolving [ 'https://registry.npmjs.org/', './child_process' ]
25 verbose url resolved https://registry.npmjs.org/child_process
26 verbose request where is https://registry.npmjs.org/child_process
27 info trying registry request attempt 1 at 21:08:57
28 http GET https://registry.npmjs.org/child_process
29 http 404 https://registry.npmjs.org/child_process
30 verbose headers { server: 'CouchDB/1.5.0 (Erlang OTP/R16B03)',
30 verbose headers   'content-type': 'application/json',
30 verbose headers   'cache-control': 'max-age=0',
30 verbose headers   'content-length': '51',
30 verbose headers   'accept-ranges': 'bytes',
30 verbose headers   date: 'Thu, 04 Jun 2015 19:08:58 GMT',
30 verbose headers   via: '1.1 varnish',
30 verbose headers   age: '0',
30 verbose headers   connection: 'keep-alive',
30 verbose headers   'x-served-by': 'cache-fra1245-FRA',
30 verbose headers   'x-cache': 'MISS',
30 verbose headers   'x-cache-hits': '0',
30 verbose headers   'x-timer': 'S1433444938.310229,VS0,VE441' }
31 silly registry.get cb [ 404,
31 silly registry.get   { server: 'CouchDB/1.5.0 (Erlang OTP/R16B03)',
31 silly registry.get     'content-type': 'application/json',
31 silly registry.get     'cache-control': 'max-age=0',
31 silly registry.get     'content-length': '51',
31 silly registry.get     'accept-ranges': 'bytes',
31 silly registry.get     date: 'Thu, 04 Jun 2015 19:08:58 GMT',
31 silly registry.get     via: '1.1 varnish',
31 silly registry.get     age: '0',
31 silly registry.get     connection: 'keep-alive',
31 silly registry.get     'x-served-by': 'cache-fra1245-FRA',
31 silly registry.get     'x-cache': 'MISS',
31 silly registry.get     'x-cache-hits': '0',
31 silly registry.get     'x-timer': 'S1433444938.310229,VS0,VE441' } ]
32 silly lockFile 512a7ef6-child-process child_process@
33 silly lockFile 512a7ef6-child-process child_process@
34 error 404 404 Not Found: child_process
34 error 404
34 error 404 'child_process' is not in the npm registry.
34 error 404 You should bug the author to publish it
34 error 404 It was specified as a dependency of 'intermediate'
34 error 404
34 error 404 Note that you can also install from a
34 error 404 tarball, folder, or http url, or git url.
35 error System Linux 3.19.0-18-generic
36 error command "/usr/bin/nodejs" "/usr/bin/npm" "install" "child_process"
37 error cwd /openssltest/ca/intermediate
38 error node -v v0.10.25
39 error npm -v 1.4.21
40 error code E404
41 verbose exit [ 1, true ]
